[    0.000000] Initializing cgroup subsys cpuset
[    0.000000] Initializing cgroup subsys cpu
[    0.000000] Initializing cgroup subsys cpuacct
[    0.000000] Linux version 4.4.0-210-generic (buildd@lgw01-amd64-009) (gcc version 5.4.0 20160609 (Ubuntu 5.4.0-6ubuntu1~16.04.12) ) #242-Ubuntu SMP Fri Apr 16 09:57:56 UTC 2021 (Ubuntu 4.4.0-210.242-generic 4.4.262)
[    0.000000] Command line: BOOT_IMAGE=/boot/vmlinuz-4.4.0-210-generic root=LABEL=cloudimg-rootfs ro console=tty1 console=ttyS0
[    0.000000] KERNEL supported cpus:
[    0.000000]   Intel GenuineIntel
[    0.000000]   AMD AuthenticAMD
[    0.000000]   Centaur CentaurHauls
[    0.000000] x86/fpu: Legacy x87 FPU detected.
[    0.000000] e820: BIOS-provided physical RAM map:
[    0.000000] BIOS-e820: [mem 0x0000000000000000-0x000000000009fbff] usable
[    0.000000] BIOS-e820: [mem 0x000000000009fc00-0x000000000009ffff] reserved
[    0.000000] BIOS-e820: [mem 0x00000000000f0000-0x00000000000fffff] reserved
[    0.000000] BIOS-e820: [mem 0x0000000000100000-0x000000003ffeffff] usable
[    0.000000] BIOS-e820: [mem 0x000000003fff0000-0x000000003fffffff] ACPI data
[    0.000000] BIOS-e820: [mem 0x00000000fec00000-0x00000000fec00fff] reserved
[    0.000000] BIOS-e820: [mem 0x00000000fee00000-0x00000000fee00fff] reserved
[    0.000000] BIOS-e820: [mem 0x00000000fffc0000-0x00000000ffffffff] reserved
[    0.000000] NX (Execute Disable) protection: active
[    0.000000] SMBIOS 2.5 present.
[    0.000000] Hypervisor detected: KVM
[    0.000000] Kernel/User page tables isolation: disabled
[    0.000000] e820: last_pfn = 0x3fff0 max_arch_pfn = 0x400000000
[    0.000000] MTRR: Disabled
[    0.000000] x86/PAT: MTRRs disabled, skipping PAT initialization too.
[    0.000000] CPU MTRRs all blank - virtualized system.
[    0.000000] x86/PAT: Configuration [0-7]: WB  WT  UC- UC  WB  WT  UC- UC  
[    0.000000] found SMP MP-table at [mem 0x0009fff0-0x0009ffff] mapped at [ffff88000009fff0]
[    0.000000] Scanning 1 areas for low memory corruption
[    0.000000] RAMDISK: [mem 0x362dc000-0x37165fff]
[    0.000000] ACPI: Early table checksum verification disabled
[    0.000000] ACPI: RSDP 0x00000000000E0000 000024 (v02 VBOX  )
[    0.000000] ACPI: XSDT 0x000000003FFF0030 00003C (v01 VBOX   VBOXXSDT 00000001 ASL  00000061)
[    0.000000] ACPI: FACP 0x000000003FFF00F0 0000F4 (v04 VBOX   VBOXFACP 00000001 ASL  00000061)
[    0.000000] ACPI: DSDT 0x000000003FFF0470 002325 (v02 VBOX   VBOXBIOS 00000002 INTL 20100528)
[    0.000000] ACPI: FACS 0x000000003FFF0200 000040
[    0.000000] ACPI: FACS 0x000000003FFF0200 000040
[    0.000000] ACPI: APIC 0x000000003FFF0240 00005C (v02 VBOX   VBOXAPIC 00000001 ASL  00000061)
[    0.000000] ACPI: SSDT 0x000000003FFF02A0 0001CC (v01 VBOX   VBOXCPUT 00000002 INTL 20100528)
[    0.000000] No NUMA configuration found
[    0.000000] Faking a node at [mem 0x0000000000000000-0x000000003ffeffff]
[    0.000000] NODE_DATA(0) allocated [mem 0x3ffeb000-0x3ffeffff]
[    0.000000] kvm-clock: Using msrs 4b564d01 and 4b564d00
[    0.000000] kvm-clock: cpu 0, msr 0:3ffe3001, primary cpu clock
[    0.000000] kvm-clock: using sched offset of 3678520907 cycles
[    0.000000] clocksource: kvm-clock: mask: 0xffffffffffffffff max_cycles: 0x1cd42e4dffb, max_idle_ns: 881590591483 ns
[    0.000000] Zone ranges:
[    0.000000]   DMA      [mem 0x0000000000001000-0x0000000000ffffff]
[    0.000000]   DMA32    [mem 0x0000000001000000-0x000000003ffeffff]
[    0.000000]   Normal   empty
[    0.000000]   Device   empty
[    0.000000] Movable zone start for each node
[    0.000000] Early memory node ranges
[    0.000000]   node   0: [mem 0x0000000000001000-0x000000000009efff]
[    0.000000]   node   0: [mem 0x0000000000100000-0x000000003ffeffff]
[    0.000000] Initmem setup node 0 [mem 0x0000000000001000-0x000000003ffeffff]
[    0.000000] ACPI: PM-Timer IO Port: 0x4008
[    0.000000] IOAPIC[0]: apic_id 2, version 32, address 0xfec00000, GSI 0-23
[    0.000000] ACPI: INT_SRC_OVR (bus 0 bus_irq 0 global_irq 2 dfl dfl)
[    0.000000] ACPI: INT_SRC_OVR (bus 0 bus_irq 9 global_irq 9 low level)
[    0.000000] Using ACPI (MADT) for SMP configuration information
[    0.000000] smpboot: Allowing 2 CPUs, 0 hotplug CPUs
[    0.000000] PM: Registered nosave memory: [mem 0x00000000-0x00000fff]
[    0.000000] PM: Registered nosave memory: [mem 0x0009f000-0x0009ffff]
[    0.000000] PM: Registered nosave memory: [mem 0x000a0000-0x000effff]
[    0.000000] PM: Registered nosave memory: [mem 0x000f0000-0x000fffff]
[    0.000000] e820: [mem 0x40000000-0xfebfffff] available for PCI devices
[    0.000000] Booting paravirtualized kernel on KVM
[    0.000000] clocksource: refined-jiffies: mask: 0xffffffff max_cycles: 0xffffffff, max_idle_ns: 7645519600211568 ns
[    0.000000] setup_percpu: NR_CPUS:512 nr_cpumask_bits:512 nr_cpu_ids:2 nr_node_ids:1
[    0.000000] PERCPU: Embedded 33 pages/cpu @ffff88003fc00000 s95192 r8192 d31784 u1048576
[    0.000000] Built 1 zonelists in Node order, mobility grouping on.  Total pages: 257912
[    0.000000] Policy zone: DMA32
[    0.000000] Kernel command line: BOOT_IMAGE=/boot/vmlinuz-4.4.0-210-generic root=LABEL=cloudimg-rootfs ro console=tty1 console=ttyS0
[    0.000000] PID hash table entries: 4096 (order: 3, 32768 bytes)
[    0.000000] Memory: 997792K/1048120K available (8644K kernel code, 1332K rwdata, 4044K rodata, 1492K init, 1164K bss, 50328K reserved, 0K cma-reserved)
[    0.000000] SLUB: HWalign=64, Order=0-3, MinObjects=0, CPUs=2, Nodes=1
[    0.000000] Hierarchical RCU implementation.
[    0.000000] 	Build-time adjustment of leaf fanout to 64.
[    0.000000] 	RCU restricting CPUs from NR_CPUS=512 to nr_cpu_ids=2.
[    0.000000] RCU: Adjusting geometry for rcu_fanout_leaf=64, nr_cpu_ids=2
[    0.000000] NR_IRQS:33024 nr_irqs:440 16
[    0.000000] Console: colour VGA+ 80x25
[    0.000000] console [tty1] enabled
[    0.000000] console [ttyS0] enabled
[    0.000000] tsc: Detected 2999.998 MHz processor
[    0.521674] Calibrating delay loop (skipped) preset value.. 5999.99 BogoMIPS (lpj=11999992)
[    0.529125] pid_max: default: 32768 minimum: 301
[    0.533931] ACPI: Core revision 20150930
[    0.538939] ACPI: 2 ACPI AML tables successfully acquired and loaded
[    0.545845] Security Framework initialized
[    0.549364] Yama: becoming mindful.
[    0.553430] AppArmor: AppArmor initialized
[    0.557169] Dentry cache hash table entries: 131072 (order: 8, 1048576 bytes)
[    0.568194] Inode-cache hash table entries: 65536 (order: 7, 524288 bytes)
[    0.577395] Mount-cache hash table entries: 2048 (order: 2, 16384 bytes)
[    0.585093] Mountpoint-cache hash table entries: 2048 (order: 2, 16384 bytes)
[    0.593568] Initializing cgroup subsys io
[    0.598467] Initializing cgroup subsys memory
[    0.603022] Initializing cgroup subsys devices
[    0.607245] Initializing cgroup subsys freezer
[    0.610913] Initializing cgroup subsys net_cls
[    0.618714] Initializing cgroup subsys perf_event
[    0.623520] Initializing cgroup subsys net_prio
[    0.627937] Initializing cgroup subsys hugetlb
[    0.633006] Initializing cgroup subsys pids
[    0.640175] mce: CPU supports 0 MCE banks
[    0.644438] Last level iTLB entries: 4KB 128, 2MB 8, 4MB 8
[    0.650527] Last level dTLB entries: 4KB 64, 2MB 0, 4MB 0, 1GB 4
[    0.655920] Spectre V1 : Mitigation: usercopy/swapgs barriers and __user pointer sanitization
[    0.666423] Spectre V2 : Mitigation: Enhanced IBRS
[    0.672490] Spectre V2 : Spectre v2 / SpectreRSB mitigation: Filling RSB on context switch
[    0.681900] Speculative Store Bypass: Vulnerable
[    0.688625] TAA: Mitigation: TSX disabled
[    0.726048] Freeing SMP alternatives memory: 36K
[    0.802531] ftrace: allocating 32380 entries in 127 pages
[    1.318909] smpboot: APIC(0) Converting physical 0 to logical package 0
[    1.326361] smpboot: Max logical packages: 1
[    1.342891] ..TIMER: vector=0x30 apic1=0 pin1=2 apic2=-1 pin2=-1
[    1.456554] APIC calibration not consistent with PM-Timer: 98ms instead of 100ms
[    1.463237] APIC delta adjusted to PM-Timer: 6263100 (6198502)
[    1.469559] smpboot: CPU0: Intel(R) Core(TM) i7-9700F CPU @ 3.00GHz (family: 0x6, model: 0x9e, stepping: 0xd)
[    1.478559] Performance Events: unsupported p6 CPU model 158 no PMU driver, software events only.
[    1.566087] KVM setup paravirtual spinlock
[    1.573855] x86: Booting SMP configuration:
[    1.577942] .... node  #0, CPUs:      #1
[    1.582407] kvm-clock: cpu 1, msr 0:3ffe3041, secondary cpu clock
[    1.587783] mce: CPU supports 0 MCE banks
[    1.591596] TSC synchronization [CPU#0 -> CPU#1]:
[    1.595755] Measured 42197 cycles TSC warp between CPUs, turning off TSC clock.
[    1.601452] tsc: Marking TSC unstable due to check_tsc_sync_source failed
[    0.490390] x86: Booted up 1 node, 2 CPUs
[    0.492018] smpboot: Total of 2 processors activated (11999.99 BogoMIPS)
[    0.501435] devtmpfs: initialized
[    0.505978] evm: security.selinux
[    0.508009] evm: security.SMACK64
[    0.512004] evm: security.SMACK64EXEC
[    0.514973] evm: security.SMACK64TRANSMUTE
[    0.516005] evm: security.SMACK64MMAP
[    0.520006] evm: security.ima
[    0.523200] evm: security.capability
[    0.528418] clocksource: jiffies: mask: 0xffffffff max_cycles: 0xffffffff, max_idle_ns: 7645041785100000 ns
[    0.532060] futex hash table entries: 512 (order: 3, 32768 bytes)
[    0.536457] pinctrl core: initialized pinctrl subsystem
[    0.544213] RTC time: 21:55:45, date: 04/25/23
[    0.548555] NET: Registered protocol family 16
[    0.564008] cpuidle: using governor ladder
[    0.576009] cpuidle: using governor menu
[    0.579040] PCCT header not found.
[    0.580084] ACPI: bus type PCI registered
[    0.584038] acpiphp: ACPI Hot Plug PCI Controller Driver version: 0.5
[    0.588461] PCI: Using configuration type 1 for base access
[    0.608531] ACPI: Added _OSI(Module Device)
[    0.612017] ACPI: Added _OSI(Processor Device)
[    0.616005] ACPI: Added _OSI(3.0 _SCP Extensions)
[    0.620003] ACPI: Added _OSI(Processor Aggregator Device)
[    0.625274] ACPI: Executed 1 blocks of module-level executable AML code
[    0.636034] ACPI: Interpreter enabled
[    0.638731] ACPI: (supports S0 S5)
[    0.640002] ACPI: Using IOAPIC for interrupt routing
[    0.644270] PCI: Using host bridge windows from ACPI; if necessary, use "pci=nocrs" and report a bug
[    0.657824] ACPI: PCI Root Bridge [PCI0] (domain 0000 [bus 00-ff])
[    0.660013] acpi PNP0A03:00: _OSC: OS supports [ASPM ClockPM Segments MSI]
[    0.664557] acpi PNP0A03:00: _OSC: not requesting OS control; OS requires [ExtendedConfig ASPM ClockPM MSI]
[    0.668010] acpi PNP0A03:00: fail to add MMCONFIG information, can't access extended PCI configuration space under this bridge.
[    0.672604] PCI host bridge to bus 0000:00
[    0.676000] pci_bus 0000:00: root bus resource [io  0x0000-0x0cf7 window]
[    0.676006] pci_bus 0000:00: root bus resource [io  0x0d00-0xffff window]
[    0.680005] pci_bus 0000:00: root bus resource [mem 0x000a0000-0x000bffff window]
[    0.684004] pci_bus 0000:00: root bus resource [mem 0x40000000-0xfdffffff window]
[    0.688005] pci_bus 0000:00: root bus resource [bus 00-ff]
[    0.698662] pci 0000:00:01.1: legacy IDE quirk: reg 0x10: [io  0x01f0-0x01f7]
[    0.700004] pci 0000:00:01.1: legacy IDE quirk: reg 0x14: [io  0x03f6]
[    0.704009] pci 0000:00:01.1: legacy IDE quirk: reg 0x18: [io  0x0170-0x0177]
[    0.708006] pci 0000:00:01.1: legacy IDE quirk: reg 0x1c: [io  0x0376]
[    0.732699] pci 0000:00:07.0: quirk: [io  0x4000-0x403f] claimed by PIIX4 ACPI
[    0.736038] pci 0000:00:07.0: quirk: [io  0x4100-0x410f] claimed by PIIX4 SMB
[    0.750201] ACPI: PCI Interrupt Link [LNKA] (IRQs 5 9 10 *11)
[    0.757216] ACPI: PCI Interrupt Link [LNKB] (IRQs 5 9 *10 11)
[    0.762673] ACPI: PCI Interrupt Link [LNKC] (IRQs 5 *9 10 11)
[    0.770267] ACPI: PCI Interrupt Link [LNKD] (IRQs 5 9 10 *11)
[    0.776699] ACPI: Enabled 2 GPEs in block 00 to 07
[    0.780253] vgaarb: setting as boot device: PCI:0000:00:02.0
[    0.784000] vgaarb: device added: PCI:0000:00:02.0,decodes=io+mem,owns=io+mem,locks=none
[    0.784005] vgaarb: loaded
[    0.788003] vgaarb: bridge control possible 0000:00:02.0
[    0.792516] SCSI subsystem initialized
[    0.796195] ACPI: bus type USB registered
[    0.800052] usbcore: registered new interface driver usbfs
[    0.804165] usbcore: registered new interface driver hub
[    0.808018] usbcore: registered new device driver usb
[    0.816003] PCI: Using ACPI for IRQ routing
[    0.820879] NetLabel: Initializing
[    0.824002] NetLabel:  domain hash size = 128
[    0.828002] NetLabel:  protocols = UNLABELED CIPSOv4
[    0.832014] NetLabel:  unlabeled traffic allowed by default
[    0.836144] amd_nb: Cannot enumerate AMD northbridges
[    0.840327] clocksource: Switched to clocksource kvm-clock
[    0.852138] AppArmor: AppArmor Filesystem Enabled
[    0.852138] pnp: PnP ACPI init
[    0.852138] pnp: PnP ACPI: found 3 devices
[    0.927967] clocksource: acpi_pm: mask: 0xffffff max_cycles: 0xffffff, max_idle_ns: 2085701024 ns
[    0.928266] NET: Registered protocol family 2
[    0.940908] TCP established hash table entries: 8192 (order: 4, 65536 bytes)
[    0.946791] TCP bind hash table entries: 8192 (order: 5, 131072 bytes)
[    0.950492] TCP: Hash tables configured (established 8192 bind 8192)
[    0.950492] UDP hash table entries: 512 (order: 2, 16384 bytes)
[    0.950492] UDP-Lite hash table entries: 512 (order: 2, 16384 bytes)
[    0.950492] NET: Registered protocol family 1
[    0.950492] pci 0000:00:00.0: Limiting direct PCI/PCI transfers
[    0.950492] pci 0000:00:01.0: Activating ISA DMA hang workarounds
[    0.950492] Unpacking initramfs...
[    1.290957] Freeing initrd memory: 14888K
[    1.290957] clocksource: tsc: mask: 0xffffffffffffffff max_cycles: 0x2b3e43c8763, max_idle_ns: 440795360101 ns
[    1.290957] platform rtc_cmos: registered platform RTC device (no PNP device found)
[    1.290957] Scanning for low memory corruption every 60 seconds
[    1.335068] audit: initializing netlink subsys (disabled)
[    1.339961] audit: type=2000 audit(1682459750.436:1): initialized
[    1.345541] Initialise system trusted keyring
[    1.351177] HugeTLB registered 2 MB page size, pre-allocated 0 pages
[    1.358771] zbud: loaded
[    1.362108] VFS: Disk quotas dquot_6.6.0
[    1.365460] VFS: Dquot-cache hash table entries: 512 (order 0, 4096 bytes)
[    1.369369] squashfs: version 4.0 (2009/01/31) Phillip Lougher
[    1.378060] fuse init (API version 7.23)
[    1.382477] Key type big_key registered
[    1.385940] Allocating IMA MOK and blacklist keyrings.
[    1.403355] Key type asymmetric registered
[    1.406948] Asymmetric key parser 'x509' registered
[    1.410945] Block layer SCSI generic (bsg) driver version 0.4 loaded (major 249)
[    1.417478] io scheduler noop registered
[    1.421322] io scheduler deadline registered (default)
[    1.425413] io scheduler cfq registered
[    1.429112] pci_hotplug: PCI Hot Plug PCI Core version: 0.5
[    1.429307] pciehp: PCI Express Hot Plug Controller Driver version: 0.4
[    1.429307] ACPI: AC Adapter [AC] (on-line)
[    1.429307] input: Power Button as /devices/LNXSYSTM:00/LNXPWRBN:00/input/input0
[    1.448287] ACPI: Power Button [PWRF]
[    1.452386] input: Sleep Button as /devices/LNXSYSTM:00/LNXSLPBN:00/input/input1
[    1.458862] ACPI: Sleep Button [SLPF]
[    1.463346] GHES: HEST is not enabled!
[    1.467529] Serial: 8250/16550 driver, 32 ports, IRQ sharing enabled
[    1.497493] 00:02: ttyS0 at I/O 0x3f8 (irq = 4, base_baud = 115200) is a 16550A
[    1.524036] Linux agpgart interface v0.103
[    1.541151] loop: module loaded
[    1.546693] scsi host0: ata_piix
[    1.550584] scsi host1: ata_piix
[    1.553631] ata1: PATA max UDMA/33 cmd 0x1f0 ctl 0x3f6 bmdma 0xd000 irq 14
[    1.559327] ata2: PATA max UDMA/33 cmd 0x170 ctl 0x376 bmdma 0xd008 irq 15
[    1.565326] libphy: Fixed MDIO Bus: probed
[    1.569245] tun: Universal TUN/TAP device driver, 1.6
[    1.573451] tun: (C) 1999-2004 Max Krasnyansky <maxk@qualcomm.com>
[    1.578401] PPP generic driver version 2.4.2
[    1.581876] ehci_hcd: USB 2.0 'Enhanced' Host Controller (EHCI) Driver
[    1.586924] ehci-pci: EHCI PCI platform driver
[    1.590752] ehci-platform: EHCI generic platform driver
[    1.595110] ohci_hcd: USB 1.1 'Open' Host Controller (OHCI) Driver
[    1.600755] ohci-pci: OHCI PCI platform driver
[    1.604784] ohci-platform: OHCI generic platform driver
[    1.609166] uhci_hcd: USB Universal Host Controller Interface driver
[    1.614281] i8042: PNP: PS/2 Controller [PNP0303:PS2K,PNP0f03:PS2M] at 0x60,0x64 irq 1,12
[    1.624196] serio: i8042 KBD port at 0x60,0x64 irq 1
[    1.629400] serio: i8042 AUX port at 0x60,0x64 irq 12
[    1.634927] mousedev: PS/2 mouse device common for all mice
[    1.645339] rtc_cmos rtc_cmos: rtc core: registered rtc_cmos as rtc0
[    1.651150] input: AT Translated Set 2 keyboard as /devices/platform/i8042/serio0/input/input2
[    1.659277] rtc_cmos rtc_cmos: alarms up to one day, 114 bytes nvram
[    1.664937] i2c /dev entries driver
[    1.667907] device-mapper: uevent: version 1.0.3
[    1.672515] device-mapper: ioctl: 4.34.0-ioctl (2015-10-28) initialised: dm-devel@redhat.com
[    1.684620] ledtrig-cpu: registered to indicate activity on CPUs
[    1.694876] NET: Registered protocol family 10
[    1.700490] NET: Registered protocol family 17
[    1.705460] Key type dns_resolver registered
[    1.709953] registered taskstats version 1
[    1.713946] Loading compiled-in X.509 certificates
[    1.718571] Loaded X.509 cert 'Build time autogenerated kernel key: cf00e047681d67edb2720680708b7d9498083038'
[    1.754096] zswap: loaded using pool lzo/zbud
[    1.761271] Key type trusted registered
[    1.767548] Key type encrypted registered
[    1.771502] AppArmor: AppArmor sha1 policy hashing enabled
[    1.776163] ima: No TPM chip found, activating TPM-bypass!
[    1.780512] ima: Allocated hash algorithm: sha1
[    1.784010] evm: HMAC attrs: 0x1
[    1.788319]   Magic number: 3:985:955
[    1.792591] rtc_cmos rtc_cmos: setting system clock to 2023-04-25 21:55:46 UTC (1682459746)
[    1.800484] BIOS EDD facility v0.16 2004-Jun-25, 0 devices found
[    1.805852] EDD information not available.
[    1.813016] Freeing unused kernel memory: 1492K
[    1.824337] Write protecting the kernel read-only data: 14336k
[    1.832427] Freeing unused kernel memory: 1584K
[    1.837312] Freeing unused kernel memory: 52K
Loading, please wait...
starting version 229
[    1.866166] random: systemd-udevd: uninitialized urandom read (16 bytes read, 5 bits of entropy available)
[    1.867164] random: udevadm: uninitialized urandom read (16 bytes read, 5 bits of entropy available)
[    1.867175] random: udevadm: uninitialized urandom read (16 bytes read, 5 bits of entropy available)
[    1.877560] random: udevadm: uninitialized urandom read (16 bytes read, 5 bits of entropy available)
[    1.877599] random: udevadm: uninitialized urandom read (16 bytes read, 5 bits of entropy available)
[    1.877757] random: udevadm: uninitialized urandom read (16 bytes read, 5 bits of entropy available)
[    1.877823] random: udevadm: uninitialized urandom read (16 bytes read, 5 bits of entropy available)
[    1.877851] random: udevadm: uninitialized urandom read (16 bytes read, 5 bits of entropy available)
[    1.877902] random: udevadm: uninitialized urandom read (16 bytes read, 5 bits of entropy available)
[    1.877942] random: udevadm: uninitialized urandom read (16 bytes read, 5 bits of entropy available)
[    1.982013] Fusion MPT base driver 3.04.20
[    1.986643] Copyright (c) 1999-2008 LSI Corporation
[    2.007480] e1000: Intel(R) PRO/1000 Network Driver - version 7.3.21-k8-NAPI
[    2.014304] e1000: Copyright (c) 1999-2006 Intel Corporation.
[    2.027851] Fusion MPT SPI Host driver 3.04.20
[    2.610148] input: ImExPS/2 Generic Explorer Mouse as /devices/platform/i8042/serio1/input/input4
[    2.644701] e1000 0000:00:03.0 eth0: (PCI:33MHz:32-bit) 02:be:82:6b:cc:1d
[    2.649734] e1000 0000:00:03.0 eth0: Intel(R) PRO/1000 Network Connection
[    3.602788] e1000 0000:00:08.0 eth1: (PCI:33MHz:32-bit) 08:00:27:32:3e:61
[    3.608784] e1000 0000:00:08.0 eth1: Intel(R) PRO/1000 Network Connection
[    3.616690] e1000 0000:00:08.0 enp0s8: renamed from eth1
[    3.623275] mptbase: ioc0: Initiating bringup
[    3.641162] e1000 0000:00:03.0 enp0s3: renamed from eth0
[    3.698828] ioc0: LSI53C1030 A0: Capabilities={Initiator}
[    3.876892] scsi host2: ioc0: LSI53C1030 A0, FwRev=00000000h, Ports=1, MaxQ=256, IRQ=20
[    3.997166] scsi 2:0:0:0: Direct-Access     VBOX     HARDDISK         1.0  PQ: 0 ANSI: 5
[    4.004700] scsi target2:0:0: Beginning Domain Validation
[    4.014822] scsi target2:0:0: Domain Validation skipping write tests
[    4.021084] scsi target2:0:0: Ending Domain Validation
[    4.026321] scsi target2:0:0: asynchronous
[    4.031729] scsi 2:0:1:0: Direct-Access     VBOX     HARDDISK         1.0  PQ: 0 ANSI: 5
[    4.039237] scsi target2:0:1: Beginning Domain Validation
[    4.050207] scsi target2:0:1: Domain Validation skipping write tests
[    4.056866] scsi target2:0:1: Ending Domain Validation
[    4.062097] scsi target2:0:1: asynchronous
[    4.088674] sd 2:0:0:0: Attached scsi generic sg0 type 0
[    4.111813] sd 2:0:0:0: [sda] 83886080 512-byte logical blocks: (42.9 GB/40.0 GiB)
[    4.112891] sd 2:0:1:0: [sdb] 20480 512-byte logical blocks: (10.5 MB/10.0 MiB)
[    4.113757] sd 2:0:1:0: [sdb] Write Protect is off
[    4.114300] sd 2:0:1:0: [sdb] Incomplete mode parameter data
[    4.114301] sd 2:0:1:0: [sdb] Assuming drive cache: write through
[    4.114364] sd 2:0:1:0: Attached scsi generic sg1 type 0
[    4.121606] sd 2:0:1:0: [sdb] Attached SCSI disk
[    4.151308] sd 2:0:0:0: [sda] Write Protect is off
[    4.157119] sd 2:0:0:0: [sda] Incomplete mode parameter data
[    4.162831] sd 2:0:0:0: [sda] Assuming drive cache: write through
[    4.174253]  sda: sda1
[    4.180864] sd 2:0:0:0: [sda] Attached SCSI disk
Begin: Loading essential drivers ... [    5.725800] md: linear personality registered for level -1
[    5.734561] md: multipath personality registered for level -4
[    5.743232] md: raid0 personality registered for level 0
[    5.762094] md: raid1 personality registered for level 1
[    6.151642] raid6: sse2x1   gen() 71870 MB/s
[    8.150907] raid6: sse2x1   xor() 133274 MB/s
[   10.149407] raid6: sse2x2   gen() 280714 MB/s
[   11.149720] raid6: sse2x2   xor() 183168 MB/s
[   11.224723] raid6: sse2x4   gen() 17478 MB/s
[   11.297198] raid6: sse2x4   xor() 10790 MB/s
[   11.301611] raid6: using algorithm sse2x2 gen() 280714 MB/s
[   11.306766] raid6: .... xor() 183168 MB/s, rmw enabled
[   11.311066] raid6: using ssse3x2 recovery algorithm
[   11.318010] xor: measuring software checksum speed
[   11.360343]    prefetch64-sse: 23517.000 MB/sec
[   11.404533]    generic_sse: 24620.000 MB/sec
[   11.408520] xor: using function: generic_sse (24620.000 MB/sec)
[   11.415077] async_tx: api initialized (async)
[   11.457263] md: raid6 personality registered for level 6
[   11.462908] md: raid5 personality registered for level 5
[   11.468172] md: raid4 personality registered for level 4
[   11.496821] md: raid10 personality registered for level 10
done.
Begin: Running /scripts/init-premount ... done.
Begin: Mounting root file system ... Begin: Running /scripts/local-top ... done.
Begin: Running /scripts/local-premount ... [   11.577797] Btrfs loaded
Scanning for Btrfs filesystems
done.
Warning: fsck not present, so skipping root file system
[   11.637851] EXT4-fs (sda1): mounted filesystem with ordered data mode. Opts: (null)
done.
Begin: Running /scripts/local-bottom ... done.
Begin: Running /scripts/init-bottom ... done.
[   11.825236] systemd[1]: systemd 229 running in system mode. (+PAM +AUDIT +SELINUX +IMA +APPARMOR +SMACK +SYSVINIT +UTMP +LIBCRYPTSETUP +GCRYPT +GNUTLS +ACL +XZ -LZ4 +SECCOMP +BLKID +ELFUTILS +KMOD -IDN)
[   11.840812] systemd[1]: Detected virtualization oracle.
[   11.846019] systemd[1]: Detected architecture x86-64.

Welcome to [1mUbuntu 16.04.7 LTS[0m!

[   11.860022] systemd[1]: Set hostname to <ubuntu>.
[   11.870424] systemd[1]: Initializing machine ID from random generator.
[   11.876554] systemd[1]: Installed transient /etc/machine-id file.
[   12.071309] systemd[1]: Created slice User and Session Slice.
[[0;32m  OK  [0m] Created slice User and Session Slice.
[   12.081779] systemd[1]: Listening on udev Control Socket.
[[0;32m  OK  [0m] Listening on udev Control Socket.
[   12.091985] systemd[1]: Listening on Journal Audit Socket.
[[0;32m  OK  [0m] Listening on Journal Audit Socket.
[   12.101754] systemd[1]: Listening on fsck to fsckd communication Socket.
[[0;32m  OK  [0m] Listening on fsck to fsckd communication Socket.
[   12.113069] systemd[1]: Listening on LVM2 poll daemon socket.
[[0;32m  OK  [0m] Listening on LVM2 poll daemon socket.
[   12.123510] systemd[1]: Listening on /dev/initctl Compatibility Named Pipe.
[[0;32m  OK  [0m] Listening on /dev/initctl Compatibility Named Pipe.
[   12.134342] systemd[1]: Listening on Syslog Socket.
[[0;32m  OK  [0m] Listening on Syslog Socket.
[   12.143917] systemd[1]: Created slice System Slice.
[[0;32m  OK  [0m] Created slice System Slice.
[   12.153003] systemd[1]: Reached target Encrypted Volumes.
[[0;32m  OK  [0m] Reached target Encrypted Volumes.
[   12.162933] systemd[1]: Reached target Slices.
[[0;32m  OK  [0m] Reached target Slices.
[   12.172289] systemd[1]: Listening on udev Kernel Socket.
[[0;32m  OK  [0m] Listening on udev Kernel Socket.
[   12.181975] systemd[1]: Listening on Device-mapper event daemon FIFOs.
[[0;32m  OK  [0m] Listening on Device-mapper event daemon FIFOs.
[   12.192849] systemd[1]: Reached target User and Group Name Lookups.
[[0;32m  OK  [0m] Reached target User and Group Name Lookups.
[   12.203395] systemd[1]: Reached target Swap.
[[0;32m  OK  [0m] Reached target Swap.
[   12.211928] systemd[1]: Started Forward Password Requests to Wall Directory Watch.
[[0;32m  OK  [0m] Started Forward Password Requests to Wall Directory Watch.
[   12.223246] systemd[1]: Created slice system-serial\x2dgetty.slice.
[[0;32m  OK  [0m] Created slice system-serial\x2dgetty.slice.
[   12.233869] systemd[1]: Listening on Journal Socket (/dev/log).
[[0;32m  OK  [0m] Listening on Journal Socket (/dev/log).
[   12.244784] systemd[1]: Set up automount Arbitrary Executable File Formats File System Automount Point.
[[0;32m  OK  [0m] Set up automount Arbitrary Executab...ats File System Automount Point.
[   12.258991] systemd[1]: Listening on LVM2 metadata daemon socket.
[[0;32m  OK  [0m] Listening on LVM2 metadata daemon socket.
[   12.269361] systemd[1]: Listening on Journal Socket.
[[0;32m  OK  [0m] Listening on Journal Socket.
[   12.288915] systemd[1]: Starting File System Check on Root Device...
         Starting File System Check on Root Device...
[   12.299547] systemd[1]: Starting Monitoring of LVM2 mirrors, snapshots etc. using dmeventd or progress polling...
         Starting Monitoring of LVM2 mirrors... dmeventd or progress polling...
[   12.313153] systemd[1]: Mounting Huge Pages File System...
         Mounting Huge Pages File System...
[   12.329890] systemd[1]: Mounting POSIX Message Queue File System...
         Mounting POSIX Message Queue File System...
[   12.342338] systemd[1]: Starting Load Kernel Modules...
         Starting Load Kernel Modules...
[   12.351038] systemd[1]: Starting Set console keymap...
         Starting Set console keymap...
[   12.360923] systemd[1]: Starting Uncomplicated firewall...
[   12.367200] Loading iSCSI transport class v2.0-870.
         Starting Uncomplicated firewall...
[   12.376923] systemd[1]: Starting Nameserver information manager...
         Starting Nameserver information manager...
[   12.387197] systemd[1]: Mounting Debug File System...
         Mounting Debug File System...
[   12.399980] systemd[1]: Starting Journal Service...
         Starting Journal Service...
[   12.409080] systemd[1]: Starting Create list of required static device nodes for the current kernel...
[   12.417334] iscsi: registered transport (tcp)
         Starting Create list of required st... nodes for the current kernel...
[   12.426203] systemd[1]: Started Trigger resolvconf update for networkd DNS.
[[0;32m  OK  [0m] Started Trigger resolvconf update for networkd DNS.
[   12.443355] systemd[1]: Reached target System Time Synchronized.
[[0;32m  OK  [0m] Reached target System Time Synchronized.
[   12.477039] systemd[1]: Mounted Huge Pages File System.
[[0;32m  OK  [0m] Mounted Huge Pages File System.
[   12.484614] systemd[1]: Mounted POSIX Message Queue File System.
[[0;32m  OK  [0m] Mounted POSIX Message Queue File System.
[   12.493155] systemd[1]: Mounted Debug File System.
[[0;32m  OK  [0m] Mounted Debug File System.
[   12.501641] systemd[1]: Started Journal Service.
[[0;32m  OK  [0m] Started Journal Service.
[[0;32m  OK  [0m] Started File System Check on Root Device.
[[0;32m  OK  [0m] Started Set console keymap.
[[0;32m  OK  [0m] Started Uncomplicated firewall.
[   12.531404] iscsi: registered transport (iser)
[[0;32m  OK  [0m] Started Load Kernel Modules.
[[0;32m  OK  [0m] Started Create list of required sta...ce nodes for the current kernel.
[[0;32m  OK  [0m] Started Nameserver information manager.
[[0;32m  OK  [0m] Started LVM2 metadata daemon.
[[0;32m  OK  [0m] Started File System Check Daemon to report status.
         Starting Create Static Device Nodes in /dev...
         Starting Apply Kernel Variables...
         Mounting FUSE Control File System...
         Starting Remount Root and Kernel File Systems...
[[0;32m  OK  [0m] Mounted FUSE Control File System.
[[0;32m  OK  [0m] Started Apply Kernel Variables.
[[0;32m  OK  [0m] Started Remount Root and Kernel File Systems.
         Starting Flush Journal to Persistent Storage...
         Starting udev Coldplug all Devices...
         Starting Load/Save Random Seed...
[[0;32m  OK  [0m] Started Create Static Device Nodes in /dev.
         Starting udev Kernel Device Manager...
[[0;32m  OK  [0m] Started Load/Save Random Seed.
[[0;32m  OK  [0m] Started Flush Journal to Persistent Storage.
[[0;32m  OK  [0m] Started udev Kernel Device Manager.
[[0;32m  OK  [0m] Started udev Coldplug all Devices.
[[0;32m  OK  [0m] Started Dispatch Password Requests to Console Directory Watch.
[[0;32m  OK  [0m] Started Monitoring of LVM2 mirrors,...ng dmeventd or progress polling.
[[0;32m  OK  [0m] Reached target Local File Systems (Pre).
[[0;32m  OK  [0m] Reached target Local File Systems.
         Starting LSB: AppArmor initialization...
         Starting Tell Plymouth To Write Out Runtime Data...
         Starting Create Volatile Files and Directories...
         Starting Initial cloud-init job (pre-networking)...
         Starting Set console font and keymap...
         Starting Commit a transient machine-id on disk...
[[0;32m  OK  [0m] Started Tell Plymouth To Write Out Runtime Data.
[[0;32m  OK  [0m] Started Create Volatile Files and Directories.
         Starting Update UTMP about System Boot/Shutdown...
[[0;32m  OK  [0m] Started Update UTMP about System Boot/Shutdown.
[[0;32m  OK  [0m] Started Commit a transient machine-id on disk.
[[0;32m  OK  [0m] Found device /dev/ttyS0.
[[0;32m  OK  [0m] Listening on Load/Save RF Kill Switch Status /dev/rfkill Watch.
[[0;32m  OK  [0m] Started LSB: AppArmor initialization.
[   14.227373] cloud-init[482]: Cloud-init v. 21.1-19-gbad84ad4-0ubuntu1~16.04.2 running 'init-local' at Tue, 25 Apr 2023 21:55:58 +0000. Up 13.99 seconds.
         Starting Load AppArmor profiles managed internally by snapd...
[[0;32m  OK  [0m] Started Load AppArmor profiles managed internally by snapd.
[[0;32m  OK  [0m] Started Initial cloud-init job (pre-networking).
[[0;32m  OK  [0m] Reached target Network (Pre).
         Starting Raise network interfaces...
[[0;32m  OK  [0m] Started Set console font and keymap.
[[0;32m  OK  [0m] Created slice system-getty.slice.
[[0;32m  OK  [0m] Started Raise network interfaces.
         Starting Initial cloud-init job (metadata service crawler)...
[[0;32m  OK  [0m] Reached target Network.
[   15.779405] cloud-init[941]: Cloud-init v. 21.1-19-gbad84ad4-0ubuntu1~16.04.2 running 'init' at Tue, 25 Apr 2023 21:55:59 +0000. Up 15.28 seconds.
[   15.797639] cloud-init[941]: ci-info: ++++++++++++++++++++++++++++++++++++++Net device info+++++++++++++++++++++++++++++++++++++++
[   15.804685] cloud-init[941]: ci-info: +--------+-------+----------------------------+---------------+--------+-------------------+
[   15.817347] cloud-init[941]: ci-info: | Device |   Up  |          Address           |      Mask     | Scope  |     Hw-Address    |
[   15.824608] cloud-init[941]: ci-info: +--------+-------+----------------------------+---------------+--------+-------------------+
[   15.831575] cloud-init[941]: ci-info: | enp0s3 |  True |         10.0.2.15          | 255.255.255.0 | global | 02:be:82:6b:cc:1d |
[   15.838943] cloud-init[941]: ci-info: | enp0s3 |  True | fe80::be:82ff:fe6b:cc1d/64 |       .       |  link  | 02:be:82:6b:cc:1d |[[0;32m  OK  [0m] Started Initial cloud-init job (metadata service crawler).

[   15.849740] cloud-init[941]: ci-info: | enp0s8 | False |             .              |       .       |   .    | 08:00:27:32:3e:61 |
[   15.850656] cloud-init[941]: ci-info: |   lo   |  True |         127.0.0.1          |   255.0.0.0   |  host  |         .         |
[   15.850679] cloud-init[941]: ci-info: |   lo   |  True |          ::1/128           |       .       |  host  |         .         |
[   15.850700] cloud-init[941]: ci-info: +--------+-------+----------------------------+---------------+--------+-------------------+
[   15.851047] cloud-init[941]: ci-info: +++++++++++++++++++++++++++Route IPv4 info++++++++++++++++++++++++++++
[   15.851331] cloud-init[941]: ci-info: +-------+-------------+----------+---------------+-----------+-------+
[   15.851619] cloud-init[941]: ci-info: | Route | Destination | Gateway  |    Genmask    | Interface | Flags |
[   15.851929] cloud-init[941]: ci-info: +-------+-------------+----------+---------------+-----------+-------+
[   15.851957] cloud-init[941]: ci-info: |   0   |   0.0.0.0   | 10.0.2.2 |    0.0.0.0    |   enp0s3  |   UG  |
[   15.851978] cloud-init[941]: ci-info: |   1   |   10.0.2.0  | 0.0.0.0  | 255.255.255.0 |   enp0s3  |   U   |
[   15.852000] cloud-init[941]: ci-info: +-------+-------------+----------+---------------+-----------+-------+
[   15.852024] cloud-init[941]: ci-info: +++++++++++++++++++Route IPv6 info+++++++++++++++++++
[   15.852263] cloud-init[941]: ci-info: +-------+-------------+---------+-----------+-------+
[   15.852505] cloud-init[941]: ci-info: | Route | Destination | Gateway | Interface | Flags |
[   15.852797] cloud-init[941]: ci-info: +-------+-------------+---------+-----------+-------+
[   15.853089] cloud-init[941]: ci-info: |   0   |  fe80::/64  |    ::   |   enp0s3  |   U   |
[   15.853413] cloud-init[941]: ci-info: |   3   |   ff00::/8  |    ::   |   enp0s3  |   U   |
[   15.853696] cloud-init[941]: ci-info: +-------+-------------+---------+-----------+-------+
[   15.853724] cloud-init[941]: Generating public/private rsa key pair.
[   15.853745] cloud-init[941]: Your identification has been saved in /etc/ssh/ssh_host_rsa_key.
[   15.853767] cloud-init[941]: Your public key has been saved in /etc/ssh/ssh_host_rsa_key.pub.
[   15.853786] cloud-init[941]: The key fingerprint is:
[   15.853807] cloud-init[941]: SHA256:ZUTZDXIxWrQYUdcBXNURvFaLEVqbgfIuMHEwtyDShw0 root@ubuntu-xenial
[   15.853828] cloud-init[941]: The key's randomart image is:
[   15.853850] cloud-init[941]: +---[RSA 2048]----+
[   15.853881] cloud-init[941]: |   ..E++.o**@O**B|
[   15.853903] cloud-init[941]: |    .o.+++oO+*=.+|
[   15.853923] cloud-init[941]: |      . o.B..oo +|
[   15.853944] cloud-init[941]: |       o o . . + |
[   15.853964] cloud-init[941]: |        S .   .  |
[   15.854332] cloud-init[941]: |         . .     |
[   15.854628] cloud-init[941]: |          .      |
[   15.854651] cloud-init[941]: |                 |
[   15.854672] cloud-init[941]: |                 |
[   15.854695] cloud-init[941]: +----[SHA256]-----+
[   15.855012] cloud-init[941]: Generating public/private dsa key pair.
[   15.855302] cloud-init[941]: Your identification has been saved in /etc/ssh/ssh_host_dsa_key.
[   15.855602] cloud-init[941]: Your public key has been saved in /etc/ssh/ssh_host_dsa_key.pub.
[   15.855885] cloud-init[941]: The key fingerprint is:
[   15.856668] cloud-init[941]: SHA256:BZuJsqLDK2CNkRa/deMZ0dzW8oNAxOuCiPjZ/9lypfs root@ubuntu-xenial
[   15.856947] cloud-init[941]: The key's randomart image is:
[   15.857238] cloud-init[941]: +---[DSA 1024]----+
[   15.857578] cloud-init[941]: |        Bo. .    |
[   15.857603] cloud-init[941]: | .     o X + .   |
[   15.857625] cloud-init[941]: |  + . . = = +    |
[   15.857650] cloud-init[941]: | + . + + o . o   |
[   15.857671] cloud-init[941]: |o * = + S     .  |
[   15.857690] cloud-init[941]: |+= = . + .  .    |
[   15.857710] cloud-init[941]: |=o o    .  o     |
[   15.857729] cloud-init[941]: |..+ .   .oo      |
[   15.858039] cloud-init[941]: |..   ...ooooE    |
[   15.858338] cloud-init[941]: +----[SHA256]-----+
[   15.858691] cloud-init[941]: Generating public/private ecdsa key pair.
[   15.858727] cloud-init[941]: Your identification has been saved in /etc/ssh/ssh_host_ecdsa_key.
[   15.858748] cloud-init[941]: Your public key has been saved in /etc/ssh/ssh_host_ecdsa_key.pub.
[   15.858782] cloud-init[941]: The key fingerprint is:
[   15.939116] cloud-init[941]: SHA256:3GQfpYf6MPR9IyFjmVr2lY5r9N+BxS1SITmXM54URFc root@ubuntu-xenial
[   15.939391] cloud-init[941]: The key's randomart image is:
[   15.939675] cloud-init[941]: +---[ECDSA 256]---+
[   15.939980] cloud-init[941]: |            .+*oE|
[   15.940646] cloud-init[941]: |            ==*o.|
[   15.940922] cloud-init[941]: |          +O+*o* |
[   15.941209] cloud-init[941]: |       . ==++=O .|
[   15.941499] cloud-init[941]: |        S.= +=o=o|
[   15.941783] cloud-init[941]: |           +..*o.|
[   15.942094] cloud-init[941]: |            .+ o |
[   15.942380] cloud-init[941]: |            .   +|
[   15.942666] cloud-init[941]: |                o|
[   15.943021] cloud-init[941]: +----[SHA256]-----+
[   15.943407] cloud-init[941]: Generating public/private ed25519 key pair.
[   15.943674] cloud-init[941]: Your identification has been saved in /etc/ssh/ssh_host_ed25519_key.
[   15.943959] cloud-init[941]: Your public key has been saved in /etc/ssh/ssh_host_ed25519_key.pub.
[   15.944392] cloud-init[941]: The key fingerprint is:
[   15.944415] cloud-init[941]: SHA256:EX6Snmwd9xmLOfITJV0nN/INBclHPAYCok5+GRPMP78 root@ubuntu-xenial
[   15.944435] cloud-init[941]: The key's randomart image is:
[   15.944763] cloud-init[941]: +--[ED25519 256]--+
[   15.945075] cloud-init[941]: |      oo.... +=B*|
[   15.945430] cloud-init[941]: |      .+oo  ..=B*|
[   15.945592] cloud-init[941]: |     o o* o o =oo|
[   15.945934] cloud-init[941]: |    +  o+O o * + |
[   15.945957] cloud-init[941]: |     o oS = = +  |
[   15.945978] cloud-init[941]: |      ..   + o   |
[   15.945997] cloud-init[941]: |            +    |
[   15.946351] cloud-init[941]: |           E .   |
[   15.946648] cloud-init[941]: |                 |
[   15.946965] cloud-init[941]: +----[SHA256]-----+
[[0;32m  OK  [0m] Reached target Cloud-config availability.
[[0;32m  OK  [0m] Reached target System Initialization.
[[0;32m  OK  [0m] Listening on D-Bus System Message Bus Socket.
         Starting Socket activation for snappy daemon.
[[0;32m  OK  [0m] Started Ubuntu Advantage update messaging.
[[0;32m  OK  [0m] Listening on UUID daemon activation socket.
[[0;32m  OK  [0m] Started Message of the Day.
         Starting LXD - unix socket.
[[0;32m  OK  [0m] Listening on ACPID Listen Socket.
[[0;32m  OK  [0m] Started ACPI Events Check.
[[0;32m  OK  [0m] Reached target Paths.
[[0;32m  OK  [0m] Started Daily apt download activities.
[[0;32m  OK  [0m] Started Daily apt upgrade and clean activities.
[[0;32m  OK  [0m] Started Daily Cleanup of Temporary Directories.
[[0;32m  OK  [0m] Reached target Timers.
[[0;32m  OK  [0m] Reached target Network is Online.
         Starting iSCSI initiator daemon (iscsid)...
[[0;32m  OK  [0m] Listening on Socket activation for snappy daemon.
[[0;32m  OK  [0m] Listening on LXD - unix socket.
[[0;32m  OK  [0m] Reached target Sockets.
[[0;32m  OK  [0m] Reached target Basic System.
[[0;32m  OK  [0m] Started Deferred execution scheduler.
         Starting Virtualbox guest utils...
         Starting Pollinate to seed the pseudo random number generator...
[[0;32m  OK  [0m] Started FUSE filesystem for LXC.
[[0;32m  OK  [0m] Started D-Bus System Message Bus.
[[0;32m  OK  [0m] Started Regular background program processing daemon.
         Starting LSB: MD monitoring daemon...
[[0;32m  OK  [0m] Started ACPI event daemon.
         Starting System Logging Service...
         Starting Login Service...
         Starting LSB: Record successful boot for GRUB...
         Starting /etc/rc.local Compatibility...
         Starting Accounts Service...
         Starting LXD - container startup/shutdown...
         Starting Snap Daemon...
[[0;32m  OK  [0m] Started System Logging Service.
[[0;32m  OK  [0m] Started iSCSI initiator daemon (iscsid).
[[0;32m  OK  [0m] Started /etc/rc.local Compatibility.
[[0;32m  OK  [0m] Started Login Service.
[[0;32m  OK  [0m] Started Unattended Upgrades Shutdown.
         Starting Authenticate and Authorize Users to Run Privileged Tasks...
         Starting Login to default iSCSI targets...
[[0;32m  OK  [0m] Started LSB: MD monitoring daemon.
[[0;32m  OK  [0m] Started LSB: Record successful boot for GRUB.
[[0;32m  OK  [0m] Started Login to default iSCSI targets.
[[0;32m  OK  [0m] Reached target Remote File Systems (Pre).
[[0;32m  OK  [0m] Reached target Remote File Systems.
         Starting LSB: daemon to balance interrupts for SMP systems...
         Starting LSB: automatic crash report generation...
         Starting LSB: Set the CPU Frequency Scaling governor to "ondemand"...
         Starting Permit User Sessions...
[[0;32m  OK  [0m] Started LXD - container startup/shutdown.
[[0;32m  OK  [0m] Started Permit User Sessions.
[[0;32m  OK  [0m] Started Authenticate and Authorize Users to Run Privileged Tasks.
[[0;32m  OK  [0m] Started Accounts Service.
         Starting Hold until boot process finishes up...
         Starting Terminate Plymouth Boot Screen...
[[0;32m  OK  [0m] Started Pollinate to seed the pseudo random number generator.
[[0;32m  OK  [0m] Started Hold until boot process finishes up.
[[0;32m  OK  [0m] Started Terminate Plymouth Boot Screen.
[[0;32m  OK  [0m] Started Serial Getty on ttyS0.
         Starting Set console scheme...
[[0;32m  OK  [0m] Started Getty on tty1.
[[0;32m  OK  [0m] Reached target Login Prompts.
         Starting OpenBSD Secure Shell server...
[[0;32m  OK  [0m] Started Virtualbox guest utils.
[[0;32m  OK  [0m] Started LSB: daemon to balance interrupts for SMP systems.
[[0;32m  OK  [0m] Started LSB: automatic crash report generation.
[[0;32m  OK  [0m] Started LSB: Set the CPU Frequency Scaling governor to "ondemand".
[[0;32m  OK  [0m] Started Set console scheme.
[[0;32m  OK  [0m] Started OpenBSD Secure Shell server.
[[0;32m  OK  [0m] Started Snap Daemon.
         Starting Wait until snapd is fully seeded...
[[0;32m  OK  [0m] Created slice User Slice of vagrant.
         Starting User Manager for UID 1000...
[[0;32m  OK  [0m] Started Session 1 of user vagrant.
[[0;32m  OK  [0m] Started User Manager for UID 1000.
[[0;32m  OK  [0m] Started Wait until snapd is fully seeded.
         Starting Apply the settings specified in cloud-config...
[[0;32m  OK  [0m] Reached target Multi-User System.
[[0;32m  OK  [0m] Reached target Graphical Interface.
         Starting Update UTMP about System Runlevel Changes...
[[0;32m  OK  [0m] Started Update UTMP about System Runlevel Changes.
[   17.938425] cloud-init[1348]: Generating locales (this might take a while)...
[   18.914425] cloud-init[1348]:   en_US.UTF-8... done
[   18.924953] cloud-init[1348]: Generation complete.
[   19.244793] cloud-init[1348]: Cloud-init v. 21.1-19-gbad84ad4-0ubuntu1~16.04.2 running 'modules:config' at Tue, 25 Apr 2023 21:56:02 +0000. Up 17.83 seconds.
[[0;32m  OK  [0m] Started Apply the settings specified in cloud-config.
         Starting Execute cloud user/final scripts...
ci-info: no authorized SSH keys fingerprints found for user ubuntu.
<14>Apr 25 21:56:04 ec2: 
<14>Apr 25 21:56:04 ec2: #############################################################
<14>Apr 25 21:56:04 ec2: -----BEGIN SSH HOST KEY FINGERPRINTS-----
<14>Apr 25 21:56:04 ec2: 1024 SHA256:BZuJsqLDK2CNkRa/deMZ0dzW8oNAxOuCiPjZ/9lypfs root@ubuntu-xenial (DSA)
<14>Apr 25 21:56:04 ec2: 256 SHA256:3GQfpYf6MPR9IyFjmVr2lY5r9N+BxS1SITmXM54URFc root@ubuntu-xenial (ECDSA)
<14>Apr 25 21:56:04 ec2: 256 SHA256:EX6Snmwd9xmLOfITJV0nN/INBclHPAYCok5+GRPMP78 root@ubuntu-xenial (ED25519)
<14>Apr 25 21:56:04 ec2: 2048 SHA256:ZUTZDXIxWrQYUdcBXNURvFaLEVqbgfIuMHEwtyDShw0 root@ubuntu-xenial (RSA)
<14>Apr 25 21:56:04 ec2: -----END SSH HOST KEY FINGERPRINTS-----
<14>Apr 25 21:56:04 ec2: #############################################################
-----BEGIN SSH HOST KEY KEYS-----
ecdsa-sha2-nistp256 AAAAE2VjZHNhLXNoYTItbmlzdHAyNTYAAAAIbmlzdHAyNTYAAABBBKlDnDSWZyjHNhm5naipN4EXCSWIHr/DcDI7lgUOn3CNPRRNj6T5ZZeVlEhKf/NWdtr0CNcJGZcK0AQn/8cXXa0= root@ubuntu-xenial
ssh-ed25519 AAAAC3NzaC1lZDI1NTE5AAAAIG9ncrc9Z+Rnob87lZaAvZIrU3r+xg81y7GMQpZYnfiO root@ubuntu-xenial
ssh-rsa AAAAB3NzaC1yc2EAAAADAQABAAABAQCrsqNcI8U/5U0ltYqRzJgO0yEISccumI7yxMlaMf2f1Qj0YQS2C4x+/7I9b+58WliztFHP1ozH8W2dJerTNd1+56VEg5QkUdfEZLjPY4X/QngpcPShIg7BWw3Rh9Y4suVLgByqLdPMLEqgC/5D3ibe7vjQIA2tXeYERofoTWQhWd/5cSzLDMVWT+IGAsv38fmmAJUBvG0mFceg0ne2q2/PX7WPKl2c4EBRcgA382hNqy81txDUqoxfNZ7TX/6bo6/u8P6zVxFXp5lNXnrCqiQVXJY/tMxQsSuK/FUvsLT86S5GXcVuSRKrdK/vSdPatxFUKlQfFSVclMDuvkwNCTlB root@ubuntu-xenial
-----END SSH HOST KEY KEYS-----
[   19.685589] cloud-init[1511]: Cloud-init v. 21.1-19-gbad84ad4-0ubuntu1~16.04.2 running 'modules:final' at Tue, 25 Apr 2023 21:56:04 +0000. Up 19.51 seconds.
[   19.692199] cloud-init[1511]: ci-info: no authorized SSH keys fingerprints found for user ubuntu.
[   19.696663] cloud-init[1511]: Cloud-init v. 21.1-19-gbad84ad4-0ubuntu1~16.04.2 finished at Tue, 25 Apr 2023 21:56:04 +0000. Datasource DataSourceNoCloud [seed=/dev/sdb][dsmode=net].  Up 19.67 seconds
[[0;32m  OK  [0m] Started Execute cloud user/final scripts.
[[0;32m  OK  [0m] Reached target Cloud-init target.

Ubuntu 16.04.7 LTS ubuntu-xenial ttyS0

ubuntu-xenial login:          Stopping Session 3 of user vagrant.
[[0;32m  OK  [0m] Stopped target Cloud-init target.
[[0;32m  OK  [0m] Stopped Execute cloud user/final scripts.
[[0;32m  OK  [0m] Stopped target Timers.
[[0;32m  OK  [0m] Stopped Daily Cleanup of Temporary Directories.
         Stopping User Manager for UID 1000...
         Stopping Authenticate and Authorize Users to Run Privileged Tasks...
[[0;32m  OK  [0m] Stopped Apply the settings specified in cloud-config.
[[0;32m  OK  [0m] Stopped target Cloud-config availability.
[[0;32m  OK  [0m] Stopped Ubuntu Advantage update messaging.
         Stopping ACPI event daemon...
[[0;32m  OK  [0m] Closed Load/Save RF Kill Switch Status /dev/rfkill Watch.
[[0;32m  OK  [0m] Stopped target Graphical Interface.
         Stopping Accounts Service...
[[0;32m  OK  [0m] Stopped target Multi-User System.
         Stopping System Logging Service...
         Stopping Virtualbox guest utils...
         Stopping LSB: Record successful boot for GRUB...
         Stopping Regular background program processing daemon...
         Stopping Deferred execution scheduler...
         Stopping A high performance web server and a reverse proxy server...
         Stopping LSB: automatic crash report generation...
         Stopping LSB: Set the CPU Frequency Scaling governor to "ondemand"...
[[0;32m  OK  [0m] Stopped Wait until snapd is fully seeded.
         Stopping D-Bus System Message Bus...
[[0;32m  OK  [0m] Stopped target Login Prompts.
         Stopping Serial Getty on ttyS0...
[[0;32m  OK  [0m] Stopped Message of the Day.
         Stopping LSB: daemon to balance interrupts for SMP systems...
         Stopping OpenBSD Secure Shell server...
         Stopping LXD - container startup/shutdown...
[[0;32m  OK  [0m] Stopped Daily apt upgrade and clean activities.
[[0;32m  OK[[0;32m  OK  [0m] Stopped target System Time Synchronized.
         Stopping FUSE filesystem for LXC...
[[0;32m  OK  [0m] Stopped Deferred execution scheduler.
[[0;32m  OK  [0m] Stopped Regular background program processing daemon.
[[0;32m  OK  [0m] Stopped System Logging Service.
[[0;32m  OK  [0m] Stopped Accounts Service.
[[0;32m  OK  [0m] Stopped Authenticate and Authorize Users to Run Privileged Tasks.
[[0;32m  OK  [0m] Stopped Serial Getty on ttyS0.
[[0;32m  OK  [0m] Stopped Getty on tty1.
[[0;32m  OK  [0m] Stopped ACPI event daemon.
[[0;32m  OK  [0m] Stopped OpenBSD Secure Shell server.
[[0;32m  OK  [0m] Stopped User Manager for UID 1000.
[[0;32m  OK  [0m] Stopped Session 3 of user vagrant.
[[0;32m  OK  [0m] Stopped A high performance web server and a reverse proxy server.
[[0;32m  OK  [0m] Stopped D-Bus System Message Bus.
[[0;32m  OK  [0m] Stopped FUSE filesystem for LXC.
[[0;32m  OK  [0m] Unmounted /var/lib/lxcfs.
[[0;32m  OK  [0m] Stopped LSB: Record successful boot for GRUB.
[[0;32m  OK  [0m] Stopped LSB: automatic crash report generation.
[[0;32m  OK  [0m] Stopped LSB: Set the CPU Frequency Scaling governor to "ondemand".
[[0;32m  OK  [0m] Stopped Virtualbox guest utils.
[[0;32m  OK  [0m] Stopped LXD - container startup/shutdown.
[[0;32m  OK  [0m] Stopped LSB: daemon to balance interrupts for SMP systems.
[[0;32m  OK  [0m] Stopped LSB: MD monitoring daemon.
[[0;32m  OK  [0m] Removed slice User Slice of vagrant.
         Stopping Login Service...
[[0;32m  OK  [0m] Removed slice system-getty.slice.
         Stopping Permit User Sessions...
[[0;32m  OK  [0m] Stopped /etc/rc.local Compatibility.
[[0;32m  OK  [0m] Removed slice system-serial\x2dgetty.slice.
[[0;32m  OK  [0m] Stopped Permit User Sessions.
[[0;32m  OK  [0m] Stopped target Remote File Systems.
         Unmounting /vagrant...
[[0;32m  OK  [0m] Unmounted /vagrant.
[[0;32m  OK  [0m] Stopped target Remote File Systems (Pre).
         Stopping Login to default iSCSI targets...
[[0;32m  OK  [0m] Stopped Login Service.
[[0;32m  OK  [0m] Stopped target User and Group Name Lookups.
[[0;32m  OK  [0m] Stopped target Basic System.
[[0;32m  OK  [0m] Stopped target Sockets.
[[0;32m  OK  [0m] Closed D-Bus System Message Bus Socket.
[[0;32m  OK  [0m] Closed Socket activation for snappy daemon.
[[0;32m  OK  [0m] Closed UUID daemon activation socket.
[[0;32m  OK  [0m] Closed LXD - unix socket.
[[0;32m  OK  [0m] Closed ACPID Listen Socket.
[[0;32m  OK  [0m] Closed Syslog Socket.
[[0;32m  OK  [0m] Stopped target Slices.
[[0;32m  OK  [0m] Removed slice User and Session Slice.
[[0;32m  OK  [0m] Stopped target Paths.
[[0;32m  OK  [0m] Stopped Forward Password Requests to Wall Directory Watch.
[[0;32m  OK  [0m] Stopped Dispatch Password Requests to Console Directory Watch.
[[0;32m  OK  [0m] Stopped ACPI Events Check.
[[0;32m  OK  [0m] Stopped target System Initialization.
[[0;32m  OK  [0m] Stopped target Swap.
[[0;32m  OK  [0m] Stopped Commit a transient machine-id on disk.
         Stopping Update UTMP about System Boot/Shutdown...
[[0;32m  OK  [0m] Stopped target Encrypted Volumes.
         Stopping Load/Save Random Seed...
[[0;32m  OK  [0m] Stopped Load/Save Random Seed.
[[0;32m  OK  [0m] Stopped Update UTMP about System Boot/Shutdown.
[[0;32m  OK  [0m] Stopped Create Volatile Files and Directories.
[[0;32m  OK  [0m] Stopped Login to default iSCSI targets.
         Stopping iSCSI initiator daemon (iscsid)...
[[0;32m  OK  [0m] Stopped iSCSI initiator daemon (iscsid).
[[0;32m  OK  [0m] Stopped target Network is Online.
[[0;32m  OK  [0m] Stopped target Network.
[[0;32m  OK  [0m] Stopped Initial cloud-init job (metadata service crawler).
         Stopping Raise network interfaces...
[[0;32m  OK  [0m] Stopped Raise network interfaces.
[[0;32m  OK  [0m] Stopped target Network (Pre).
[[0;32m  OK  [0m] Stopped Initial cloud-init job (pre-networking).
[[0;32m  OK  [0m] Stopped Apply Kernel Variables.
[[0;32m  OK  [0m] Stopped Load Kernel Modules.
[[0;32m  OK  [0m] Stopped target Local File Systems.
         Unmounting /run/user/1000...
[[0;32m  OK  [0m] Unmounted /run/user/1000.
[[0;32m  OK  [0m] Reached target Unmount All Filesystems.
[[0;32m  OK  [0m] Stopped target Local File Systems (Pre).
         Stopping Monitoring of LVM2 mirrors... dmeventd or progress polling...
[[0;32m  OK  [0m] Stopped Remount Root and Kernel File Systems.
[[0;32m  OK  [0m] Stopped Create Static Device Nodes in /dev.
[[0;32m  OK  [0m] Reached target Shutdown.
[  330.132650] reboot: Power down
